2016-05-18 10:35:44  INFO org.apache.hive.jdbc.Utils  - Supplied authorities: 192.168.1.64
2016-05-18 10:35:44  INFO org.apache.hive.jdbc.Utils  - Resolved authority: 192.168.1.64
2016-05-18 10:37:47  INFO org.apache.hive.jdbc.Utils  - Supplied authorities: 192.168.1.64:10000
2016-05-18 10:37:47  INFO org.apache.hive.jdbc.Utils  - Resolved authority: 192.168.1.64:10000
2016-05-18 10:40:59 DEBUG org.apache.hadoop.util.Shell  - Failed to detect a valid hadoop home directory
java.io.IOException: HADOOP_HOME or hadoop.home.dir are not set.
	at org.apache.hadoop.util.Shell.checkHadoopHome(Shell.java:225)
	at org.apache.hadoop.util.Shell.<clinit>(Shell.java:250)
	at org.apache.hadoop.hive.conf.HiveConf$ConfVars.findHadoopBinary(HiveConf.java:2065)
	at org.apache.hadoop.hive.conf.HiveConf$ConfVars.<clinit>(HiveConf.java:332)
	at org.apache.hadoop.hive.serde2.lazy.LazySimpleSerDe.initSerdeParams(LazySimpleSerDe.java:318)
	at org.apache.hadoop.hive.serde2.lazy.LazySimpleSerDe.initialize(LazySimpleSerDe.java:195)
	at org.apache.hadoop.hive.serde2.AbstractSerDe.initialize(AbstractSerDe.java:49)
	at org.apache.hadoop.hive.serde2.SerDeUtils.initializeSerDe(SerDeUtils.java:519)
	at org.apache.hadoop.hive.jdbc.HiveQueryResultSet.initSerde(HiveQueryResultSet.java:112)
	at org.apache.hadoop.hive.jdbc.HiveQueryResultSet.<init>(HiveQueryResultSet.java:67)
	at org.apache.hadoop.hive.jdbc.HiveStatement.executeQuery(HiveStatement.java:198)
	at org.apache.hadoop.hive.jdbc.HiveStatement.execute(HiveStatement.java:132)
	at org.apache.hadoop.hive.jdbc.HiveConnection.configureConnection(HiveConnection.java:132)
	at org.apache.hadoop.hive.jdbc.HiveConnection.<init>(HiveConnection.java:122)
	at org.apache.hadoop.hive.jdbc.HiveDriver.connect(HiveDriver.java:107)
	at java.sql.DriverManager.getConnection(Unknown Source)
	at java.sql.DriverManager.getConnection(Unknown Source)
	at test.fc.hive.HiveDb.getConn(HiveDb.java:56)
	at test.hive.TestHive.testConnection(TestHive.java:23)
	at sun.reflect.NativeMethodAccessorImpl.invoke0(Native Method)
	at sun.reflect.NativeMethodAccessorImpl.invoke(Unknown Source)
	at sun.reflect.DelegatingMethodAccessorImpl.invoke(Unknown Source)
	at java.lang.reflect.Method.invoke(Unknown Source)
	at org.junit.runners.model.FrameworkMethod$1.runReflectiveCall(FrameworkMethod.java:50)
	at org.junit.internal.runners.model.ReflectiveCallable.run(ReflectiveCallable.java:12)
	at org.junit.runners.model.FrameworkMethod.invokeExplosively(FrameworkMethod.java:47)
	at org.junit.internal.runners.statements.InvokeMethod.evaluate(InvokeMethod.java:17)
	at org.junit.runners.ParentRunner.runLeaf(ParentRunner.java:325)
	at org.junit.runners.BlockJUnit4ClassRunner.runChild(BlockJUnit4ClassRunner.java:78)
	at org.junit.runners.BlockJUnit4ClassRunner.runChild(BlockJUnit4ClassRunner.java:57)
	at org.junit.runners.ParentRunner$3.run(ParentRunner.java:290)
	at org.junit.runners.ParentRunner$1.schedule(ParentRunner.java:71)
	at org.junit.runners.ParentRunner.runChildren(ParentRunner.java:288)
	at org.junit.runners.ParentRunner.access$000(ParentRunner.java:58)
	at org.junit.runners.ParentRunner$2.evaluate(ParentRunner.java:268)
	at org.junit.runners.ParentRunner.run(ParentRunner.java:363)
	at org.eclipse.jdt.internal.junit4.runner.JUnit4TestReference.run(JUnit4TestReference.java:86)
	at org.eclipse.jdt.internal.junit.runner.TestExecution.run(TestExecution.java:38)
	at org.eclipse.jdt.internal.junit.runner.RemoteTestRunner.runTests(RemoteTestRunner.java:459)
	at org.eclipse.jdt.internal.junit.runner.RemoteTestRunner.runTests(RemoteTestRunner.java:675)
	at org.eclipse.jdt.internal.junit.runner.RemoteTestRunner.run(RemoteTestRunner.java:382)
	at org.eclipse.jdt.internal.junit.runner.RemoteTestRunner.main(RemoteTestRunner.java:192)
2016-05-18 10:40:59 ERROR org.apache.hadoop.util.Shell  - Failed to locate the winutils binary in the hadoop binary path
java.io.IOException: Could not locate executable null\bin\winutils.exe in the Hadoop binaries.
	at org.apache.hadoop.util.Shell.getQualifiedBinPath(Shell.java:278)
	at org.apache.hadoop.util.Shell.getWinUtilsPath(Shell.java:300)
	at org.apache.hadoop.util.Shell.<clinit>(Shell.java:293)
	at org.apache.hadoop.hive.conf.HiveConf$ConfVars.findHadoopBinary(HiveConf.java:2065)
	at org.apache.hadoop.hive.conf.HiveConf$ConfVars.<clinit>(HiveConf.java:332)
	at org.apache.hadoop.hive.serde2.lazy.LazySimpleSerDe.initSerdeParams(LazySimpleSerDe.java:318)
	at org.apache.hadoop.hive.serde2.lazy.LazySimpleSerDe.initialize(LazySimpleSerDe.java:195)
	at org.apache.hadoop.hive.serde2.AbstractSerDe.initialize(AbstractSerDe.java:49)
	at org.apache.hadoop.hive.serde2.SerDeUtils.initializeSerDe(SerDeUtils.java:519)
	at org.apache.hadoop.hive.jdbc.HiveQueryResultSet.initSerde(HiveQueryResultSet.java:112)
	at org.apache.hadoop.hive.jdbc.HiveQueryResultSet.<init>(HiveQueryResultSet.java:67)
	at org.apache.hadoop.hive.jdbc.HiveStatement.executeQuery(HiveStatement.java:198)
	at org.apache.hadoop.hive.jdbc.HiveStatement.execute(HiveStatement.java:132)
	at org.apache.hadoop.hive.jdbc.HiveConnection.configureConnection(HiveConnection.java:132)
	at org.apache.hadoop.hive.jdbc.HiveConnection.<init>(HiveConnection.java:122)
	at org.apache.hadoop.hive.jdbc.HiveDriver.connect(HiveDriver.java:107)
	at java.sql.DriverManager.getConnection(Unknown Source)
	at java.sql.DriverManager.getConnection(Unknown Source)
	at test.fc.hive.HiveDb.getConn(HiveDb.java:56)
	at test.hive.TestHive.testConnection(TestHive.java:23)
	at sun.reflect.NativeMethodAccessorImpl.invoke0(Native Method)
	at sun.reflect.NativeMethodAccessorImpl.invoke(Unknown Source)
	at sun.reflect.DelegatingMethodAccessorImpl.invoke(Unknown Source)
	at java.lang.reflect.Method.invoke(Unknown Source)
	at org.junit.runners.model.FrameworkMethod$1.runReflectiveCall(FrameworkMethod.java:50)
	at org.junit.internal.runners.model.ReflectiveCallable.run(ReflectiveCallable.java:12)
	at org.junit.runners.model.FrameworkMethod.invokeExplosively(FrameworkMethod.java:47)
	at org.junit.internal.runners.statements.InvokeMethod.evaluate(InvokeMethod.java:17)
	at org.junit.runners.ParentRunner.runLeaf(ParentRunner.java:325)
	at org.junit.runners.BlockJUnit4ClassRunner.runChild(BlockJUnit4ClassRunner.java:78)
	at org.junit.runners.BlockJUnit4ClassRunner.runChild(BlockJUnit4ClassRunner.java:57)
	at org.junit.runners.ParentRunner$3.run(ParentRunner.java:290)
	at org.junit.runners.ParentRunner$1.schedule(ParentRunner.java:71)
	at org.junit.runners.ParentRunner.runChildren(ParentRunner.java:288)
	at org.junit.runners.ParentRunner.access$000(ParentRunner.java:58)
	at org.junit.runners.ParentRunner$2.evaluate(ParentRunner.java:268)
	at org.junit.runners.ParentRunner.run(ParentRunner.java:363)
	at org.eclipse.jdt.internal.junit4.runner.JUnit4TestReference.run(JUnit4TestReference.java:86)
	at org.eclipse.jdt.internal.junit.runner.TestExecution.run(TestExecution.java:38)
	at org.eclipse.jdt.internal.junit.runner.RemoteTestRunner.runTests(RemoteTestRunner.java:459)
	at org.eclipse.jdt.internal.junit.runner.RemoteTestRunner.runTests(RemoteTestRunner.java:675)
	at org.eclipse.jdt.internal.junit.runner.RemoteTestRunner.run(RemoteTestRunner.java:382)
	at org.eclipse.jdt.internal.junit.runner.RemoteTestRunner.main(RemoteTestRunner.java:192)
2016-05-18 10:50:08 DEBUG org.apache.hadoop.util.Shell  - Failed to detect a valid hadoop home directory
java.io.IOException: HADOOP_HOME or hadoop.home.dir are not set.
	at org.apache.hadoop.util.Shell.checkHadoopHome(Shell.java:225)
	at org.apache.hadoop.util.Shell.<clinit>(Shell.java:250)
	at org.apache.hadoop.hive.conf.HiveConf$ConfVars.findHadoopBinary(HiveConf.java:2065)
	at org.apache.hadoop.hive.conf.HiveConf$ConfVars.<clinit>(HiveConf.java:332)
	at org.apache.hadoop.hive.serde2.lazy.LazySimpleSerDe.initSerdeParams(LazySimpleSerDe.java:318)
	at org.apache.hadoop.hive.serde2.lazy.LazySimpleSerDe.initialize(LazySimpleSerDe.java:195)
	at org.apache.hadoop.hive.serde2.AbstractSerDe.initialize(AbstractSerDe.java:49)
	at org.apache.hadoop.hive.serde2.SerDeUtils.initializeSerDe(SerDeUtils.java:519)
	at org.apache.hadoop.hive.jdbc.HiveQueryResultSet.initSerde(HiveQueryResultSet.java:112)
	at org.apache.hadoop.hive.jdbc.HiveQueryResultSet.<init>(HiveQueryResultSet.java:67)
	at org.apache.hadoop.hive.jdbc.HiveStatement.executeQuery(HiveStatement.java:198)
	at org.apache.hadoop.hive.jdbc.HiveStatement.execute(HiveStatement.java:132)
	at org.apache.hadoop.hive.jdbc.HiveConnection.configureConnection(HiveConnection.java:132)
	at org.apache.hadoop.hive.jdbc.HiveConnection.<init>(HiveConnection.java:122)
	at org.apache.hadoop.hive.jdbc.HiveDriver.connect(HiveDriver.java:107)
	at java.sql.DriverManager.getConnection(Unknown Source)
	at java.sql.DriverManager.getConnection(Unknown Source)
	at test.fc.hive.HiveDb.getConn(HiveDb.java:56)
	at test.hive.TestHive.testConnection(TestHive.java:23)
	at sun.reflect.NativeMethodAccessorImpl.invoke0(Native Method)
	at sun.reflect.NativeMethodAccessorImpl.invoke(Unknown Source)
	at sun.reflect.DelegatingMethodAccessorImpl.invoke(Unknown Source)
	at java.lang.reflect.Method.invoke(Unknown Source)
	at org.junit.runners.model.FrameworkMethod$1.runReflectiveCall(FrameworkMethod.java:50)
	at org.junit.internal.runners.model.ReflectiveCallable.run(ReflectiveCallable.java:12)
	at org.junit.runners.model.FrameworkMethod.invokeExplosively(FrameworkMethod.java:47)
	at org.junit.internal.runners.statements.InvokeMethod.evaluate(InvokeMethod.java:17)
	at org.junit.runners.ParentRunner.runLeaf(ParentRunner.java:325)
	at org.junit.runners.BlockJUnit4ClassRunner.runChild(BlockJUnit4ClassRunner.java:78)
	at org.junit.runners.BlockJUnit4ClassRunner.runChild(BlockJUnit4ClassRunner.java:57)
	at org.junit.runners.ParentRunner$3.run(ParentRunner.java:290)
	at org.junit.runners.ParentRunner$1.schedule(ParentRunner.java:71)
	at org.junit.runners.ParentRunner.runChildren(ParentRunner.java:288)
	at org.junit.runners.ParentRunner.access$000(ParentRunner.java:58)
	at org.junit.runners.ParentRunner$2.evaluate(ParentRunner.java:268)
	at org.junit.runners.ParentRunner.run(ParentRunner.java:363)
	at org.eclipse.jdt.internal.junit4.runner.JUnit4TestReference.run(JUnit4TestReference.java:86)
	at org.eclipse.jdt.internal.junit.runner.TestExecution.run(TestExecution.java:38)
	at org.eclipse.jdt.internal.junit.runner.RemoteTestRunner.runTests(RemoteTestRunner.java:459)
	at org.eclipse.jdt.internal.junit.runner.RemoteTestRunner.runTests(RemoteTestRunner.java:675)
	at org.eclipse.jdt.internal.junit.runner.RemoteTestRunner.run(RemoteTestRunner.java:382)
	at org.eclipse.jdt.internal.junit.runner.RemoteTestRunner.main(RemoteTestRunner.java:192)
2016-05-18 10:50:08 ERROR org.apache.hadoop.util.Shell  - Failed to locate the winutils binary in the hadoop binary path
java.io.IOException: Could not locate executable null\bin\winutils.exe in the Hadoop binaries.
	at org.apache.hadoop.util.Shell.getQualifiedBinPath(Shell.java:278)
	at org.apache.hadoop.util.Shell.getWinUtilsPath(Shell.java:300)
	at org.apache.hadoop.util.Shell.<clinit>(Shell.java:293)
	at org.apache.hadoop.hive.conf.HiveConf$ConfVars.findHadoopBinary(HiveConf.java:2065)
	at org.apache.hadoop.hive.conf.HiveConf$ConfVars.<clinit>(HiveConf.java:332)
	at org.apache.hadoop.hive.serde2.lazy.LazySimpleSerDe.initSerdeParams(LazySimpleSerDe.java:318)
	at org.apache.hadoop.hive.serde2.lazy.LazySimpleSerDe.initialize(LazySimpleSerDe.java:195)
	at org.apache.hadoop.hive.serde2.AbstractSerDe.initialize(AbstractSerDe.java:49)
	at org.apache.hadoop.hive.serde2.SerDeUtils.initializeSerDe(SerDeUtils.java:519)
	at org.apache.hadoop.hive.jdbc.HiveQueryResultSet.initSerde(HiveQueryResultSet.java:112)
	at org.apache.hadoop.hive.jdbc.HiveQueryResultSet.<init>(HiveQueryResultSet.java:67)
	at org.apache.hadoop.hive.jdbc.HiveStatement.executeQuery(HiveStatement.java:198)
	at org.apache.hadoop.hive.jdbc.HiveStatement.execute(HiveStatement.java:132)
	at org.apache.hadoop.hive.jdbc.HiveConnection.configureConnection(HiveConnection.java:132)
	at org.apache.hadoop.hive.jdbc.HiveConnection.<init>(HiveConnection.java:122)
	at org.apache.hadoop.hive.jdbc.HiveDriver.connect(HiveDriver.java:107)
	at java.sql.DriverManager.getConnection(Unknown Source)
	at java.sql.DriverManager.getConnection(Unknown Source)
	at test.fc.hive.HiveDb.getConn(HiveDb.java:56)
	at test.hive.TestHive.testConnection(TestHive.java:23)
	at sun.reflect.NativeMethodAccessorImpl.invoke0(Native Method)
	at sun.reflect.NativeMethodAccessorImpl.invoke(Unknown Source)
	at sun.reflect.DelegatingMethodAccessorImpl.invoke(Unknown Source)
	at java.lang.reflect.Method.invoke(Unknown Source)
	at org.junit.runners.model.FrameworkMethod$1.runReflectiveCall(FrameworkMethod.java:50)
	at org.junit.internal.runners.model.ReflectiveCallable.run(ReflectiveCallable.java:12)
	at org.junit.runners.model.FrameworkMethod.invokeExplosively(FrameworkMethod.java:47)
	at org.junit.internal.runners.statements.InvokeMethod.evaluate(InvokeMethod.java:17)
	at org.junit.runners.ParentRunner.runLeaf(ParentRunner.java:325)
	at org.junit.runners.BlockJUnit4ClassRunner.runChild(BlockJUnit4ClassRunner.java:78)
	at org.junit.runners.BlockJUnit4ClassRunner.runChild(BlockJUnit4ClassRunner.java:57)
	at org.junit.runners.ParentRunner$3.run(ParentRunner.java:290)
	at org.junit.runners.ParentRunner$1.schedule(ParentRunner.java:71)
	at org.junit.runners.ParentRunner.runChildren(ParentRunner.java:288)
	at org.junit.runners.ParentRunner.access$000(ParentRunner.java:58)
	at org.junit.runners.ParentRunner$2.evaluate(ParentRunner.java:268)
	at org.junit.runners.ParentRunner.run(ParentRunner.java:363)
	at org.eclipse.jdt.internal.junit4.runner.JUnit4TestReference.run(JUnit4TestReference.java:86)
	at org.eclipse.jdt.internal.junit.runner.TestExecution.run(TestExecution.java:38)
	at org.eclipse.jdt.internal.junit.runner.RemoteTestRunner.runTests(RemoteTestRunner.java:459)
	at org.eclipse.jdt.internal.junit.runner.RemoteTestRunner.runTests(RemoteTestRunner.java:675)
	at org.eclipse.jdt.internal.junit.runner.RemoteTestRunner.run(RemoteTestRunner.java:382)
	at org.eclipse.jdt.internal.junit.runner.RemoteTestRunner.main(RemoteTestRunner.java:192)
2016-05-18 10:50:09 DEBUG org.apache.hadoop.hive.serde2.lazy.LazySimpleSerDe  - org.apache.hadoop.hive.serde2.lazy.LazySimpleSerDe initialized with: columnNames=[] columnTypes=[] separator=[[B@7154d033] nullstring=\N lastColumnTakesRest=false
2016-05-18 10:50:35  INFO org.apache.hive.jdbc.Utils  - Supplied authorities: 192.168.1.64:10000
2016-05-18 10:50:35  INFO org.apache.hive.jdbc.Utils  - Resolved authority: 192.168.1.64:10000
2016-05-18 10:50:35  INFO org.apache.hive.jdbc.HiveConnection  - Will try to open client transport with JDBC Uri: jdbc:hive2://192.168.1.64:10000/default
2016-05-18 10:50:35 DEBUG org.apache.thrift.transport.TSaslTransport  - opening transport org.apache.thrift.transport.TSaslClientTransport@1cda7939
2016-05-18 10:50:35 DEBUG org.apache.thrift.transport.TSaslClientTransport  - Sending mechanism name PLAIN and initial response of length 20
2016-05-18 10:50:35 DEBUG org.apache.thrift.transport.TSaslTransport  - CLIENT: Writing message with status START and payload length 5
2016-05-18 10:50:35 DEBUG org.apache.thrift.transport.TSaslTransport  - CLIENT: Writing message with status COMPLETE and payload length 20
2016-05-18 10:50:35 DEBUG org.apache.thrift.transport.TSaslTransport  - CLIENT: Start message handled
2016-05-18 10:50:35 DEBUG org.apache.thrift.transport.TSaslTransport  - CLIENT: Main negotiation loop complete
2016-05-18 10:50:35 DEBUG org.apache.thrift.transport.TSaslTransport  - CLIENT: SASL Client receiving last message
2016-05-18 10:52:31 DEBUG test.hive.TestHive  - start
2016-05-18 10:52:32 DEBUG org.apache.hadoop.util.Shell  - Failed to detect a valid hadoop home directory
java.io.IOException: HADOOP_HOME or hadoop.home.dir are not set.
	at org.apache.hadoop.util.Shell.checkHadoopHome(Shell.java:225)
	at org.apache.hadoop.util.Shell.<clinit>(Shell.java:250)
	at org.apache.hadoop.hive.conf.HiveConf$ConfVars.findHadoopBinary(HiveConf.java:2065)
	at org.apache.hadoop.hive.conf.HiveConf$ConfVars.<clinit>(HiveConf.java:332)
	at org.apache.hadoop.hive.serde2.lazy.LazySimpleSerDe.initSerdeParams(LazySimpleSerDe.java:318)
	at org.apache.hadoop.hive.serde2.lazy.LazySimpleSerDe.initialize(LazySimpleSerDe.java:195)
	at org.apache.hadoop.hive.serde2.AbstractSerDe.initialize(AbstractSerDe.java:49)
	at org.apache.hadoop.hive.serde2.SerDeUtils.initializeSerDe(SerDeUtils.java:519)
	at org.apache.hadoop.hive.jdbc.HiveQueryResultSet.initSerde(HiveQueryResultSet.java:112)
	at org.apache.hadoop.hive.jdbc.HiveQueryResultSet.<init>(HiveQueryResultSet.java:67)
	at org.apache.hadoop.hive.jdbc.HiveStatement.executeQuery(HiveStatement.java:198)
	at org.apache.hadoop.hive.jdbc.HiveStatement.execute(HiveStatement.java:132)
	at org.apache.hadoop.hive.jdbc.HiveConnection.configureConnection(HiveConnection.java:132)
	at org.apache.hadoop.hive.jdbc.HiveConnection.<init>(HiveConnection.java:122)
	at org.apache.hadoop.hive.jdbc.HiveDriver.connect(HiveDriver.java:107)
	at java.sql.DriverManager.getConnection(Unknown Source)
	at java.sql.DriverManager.getConnection(Unknown Source)
	at test.fc.hive.HiveDb.getConn(HiveDb.java:56)
	at test.hive.TestHive.testConnection(TestHive.java:24)
	at sun.reflect.NativeMethodAccessorImpl.invoke0(Native Method)
	at sun.reflect.NativeMethodAccessorImpl.invoke(Unknown Source)
	at sun.reflect.DelegatingMethodAccessorImpl.invoke(Unknown Source)
	at java.lang.reflect.Method.invoke(Unknown Source)
	at org.junit.runners.model.FrameworkMethod$1.runReflectiveCall(FrameworkMethod.java:50)
	at org.junit.internal.runners.model.ReflectiveCallable.run(ReflectiveCallable.java:12)
	at org.junit.runners.model.FrameworkMethod.invokeExplosively(FrameworkMethod.java:47)
	at org.junit.internal.runners.statements.InvokeMethod.evaluate(InvokeMethod.java:17)
	at org.junit.runners.ParentRunner.runLeaf(ParentRunner.java:325)
	at org.junit.runners.BlockJUnit4ClassRunner.runChild(BlockJUnit4ClassRunner.java:78)
	at org.junit.runners.BlockJUnit4ClassRunner.runChild(BlockJUnit4ClassRunner.java:57)
	at org.junit.runners.ParentRunner$3.run(ParentRunner.java:290)
	at org.junit.runners.ParentRunner$1.schedule(ParentRunner.java:71)
	at org.junit.runners.ParentRunner.runChildren(ParentRunner.java:288)
	at org.junit.runners.ParentRunner.access$000(ParentRunner.java:58)
	at org.junit.runners.ParentRunner$2.evaluate(ParentRunner.java:268)
	at org.junit.runners.ParentRunner.run(ParentRunner.java:363)
	at org.eclipse.jdt.internal.junit4.runner.JUnit4TestReference.run(JUnit4TestReference.java:86)
	at org.eclipse.jdt.internal.junit.runner.TestExecution.run(TestExecution.java:38)
	at org.eclipse.jdt.internal.junit.runner.RemoteTestRunner.runTests(RemoteTestRunner.java:459)
	at org.eclipse.jdt.internal.junit.runner.RemoteTestRunner.runTests(RemoteTestRunner.java:675)
	at org.eclipse.jdt.internal.junit.runner.RemoteTestRunner.run(RemoteTestRunner.java:382)
	at org.eclipse.jdt.internal.junit.runner.RemoteTestRunner.main(RemoteTestRunner.java:192)
2016-05-18 10:52:32 ERROR org.apache.hadoop.util.Shell  - Failed to locate the winutils binary in the hadoop binary path
java.io.IOException: Could not locate executable null\bin\winutils.exe in the Hadoop binaries.
	at org.apache.hadoop.util.Shell.getQualifiedBinPath(Shell.java:278)
	at org.apache.hadoop.util.Shell.getWinUtilsPath(Shell.java:300)
	at org.apache.hadoop.util.Shell.<clinit>(Shell.java:293)
	at org.apache.hadoop.hive.conf.HiveConf$ConfVars.findHadoopBinary(HiveConf.java:2065)
	at org.apache.hadoop.hive.conf.HiveConf$ConfVars.<clinit>(HiveConf.java:332)
	at org.apache.hadoop.hive.serde2.lazy.LazySimpleSerDe.initSerdeParams(LazySimpleSerDe.java:318)
	at org.apache.hadoop.hive.serde2.lazy.LazySimpleSerDe.initialize(LazySimpleSerDe.java:195)
	at org.apache.hadoop.hive.serde2.AbstractSerDe.initialize(AbstractSerDe.java:49)
	at org.apache.hadoop.hive.serde2.SerDeUtils.initializeSerDe(SerDeUtils.java:519)
	at org.apache.hadoop.hive.jdbc.HiveQueryResultSet.initSerde(HiveQueryResultSet.java:112)
	at org.apache.hadoop.hive.jdbc.HiveQueryResultSet.<init>(HiveQueryResultSet.java:67)
	at org.apache.hadoop.hive.jdbc.HiveStatement.executeQuery(HiveStatement.java:198)
	at org.apache.hadoop.hive.jdbc.HiveStatement.execute(HiveStatement.java:132)
	at org.apache.hadoop.hive.jdbc.HiveConnection.configureConnection(HiveConnection.java:132)
	at org.apache.hadoop.hive.jdbc.HiveConnection.<init>(HiveConnection.java:122)
	at org.apache.hadoop.hive.jdbc.HiveDriver.connect(HiveDriver.java:107)
	at java.sql.DriverManager.getConnection(Unknown Source)
	at java.sql.DriverManager.getConnection(Unknown Source)
	at test.fc.hive.HiveDb.getConn(HiveDb.java:56)
	at test.hive.TestHive.testConnection(TestHive.java:24)
	at sun.reflect.NativeMethodAccessorImpl.invoke0(Native Method)
	at sun.reflect.NativeMethodAccessorImpl.invoke(Unknown Source)
	at sun.reflect.DelegatingMethodAccessorImpl.invoke(Unknown Source)
	at java.lang.reflect.Method.invoke(Unknown Source)
	at org.junit.runners.model.FrameworkMethod$1.runReflectiveCall(FrameworkMethod.java:50)
	at org.junit.internal.runners.model.ReflectiveCallable.run(ReflectiveCallable.java:12)
	at org.junit.runners.model.FrameworkMethod.invokeExplosively(FrameworkMethod.java:47)
	at org.junit.internal.runners.statements.InvokeMethod.evaluate(InvokeMethod.java:17)
	at org.junit.runners.ParentRunner.runLeaf(ParentRunner.java:325)
	at org.junit.runners.BlockJUnit4ClassRunner.runChild(BlockJUnit4ClassRunner.java:78)
	at org.junit.runners.BlockJUnit4ClassRunner.runChild(BlockJUnit4ClassRunner.java:57)
	at org.junit.runners.ParentRunner$3.run(ParentRunner.java:290)
	at org.junit.runners.ParentRunner$1.schedule(ParentRunner.java:71)
	at org.junit.runners.ParentRunner.runChildren(ParentRunner.java:288)
	at org.junit.runners.ParentRunner.access$000(ParentRunner.java:58)
	at org.junit.runners.ParentRunner$2.evaluate(ParentRunner.java:268)
	at org.junit.runners.ParentRunner.run(ParentRunner.java:363)
	at org.eclipse.jdt.internal.junit4.runner.JUnit4TestReference.run(JUnit4TestReference.java:86)
	at org.eclipse.jdt.internal.junit.runner.TestExecution.run(TestExecution.java:38)
	at org.eclipse.jdt.internal.junit.runner.RemoteTestRunner.runTests(RemoteTestRunner.java:459)
	at org.eclipse.jdt.internal.junit.runner.RemoteTestRunner.runTests(RemoteTestRunner.java:675)
	at org.eclipse.jdt.internal.junit.runner.RemoteTestRunner.run(RemoteTestRunner.java:382)
	at org.eclipse.jdt.internal.junit.runner.RemoteTestRunner.main(RemoteTestRunner.java:192)
2016-05-18 10:52:32 DEBUG org.apache.hadoop.hive.serde2.lazy.LazySimpleSerDe  - org.apache.hadoop.hive.serde2.lazy.LazySimpleSerDe initialized with: columnNames=[] columnTypes=[] separator=[[B@318dd605] nullstring=\N lastColumnTakesRest=false
2016-05-18 10:52:32 DEBUG test.hive.TestHive  - end
2016-05-18 10:58:28 DEBUG test.hive.TestHive  - start
2016-05-18 10:58:28 DEBUG org.apache.hadoop.util.Shell  - Failed to detect a valid hadoop home directory
java.io.IOException: HADOOP_HOME or hadoop.home.dir are not set.
	at org.apache.hadoop.util.Shell.checkHadoopHome(Shell.java:225)
	at org.apache.hadoop.util.Shell.<clinit>(Shell.java:250)
	at org.apache.hadoop.hive.conf.HiveConf$ConfVars.findHadoopBinary(HiveConf.java:2065)
	at org.apache.hadoop.hive.conf.HiveConf$ConfVars.<clinit>(HiveConf.java:332)
	at org.apache.hadoop.hive.serde2.lazy.LazySimpleSerDe.initSerdeParams(LazySimpleSerDe.java:318)
	at org.apache.hadoop.hive.serde2.lazy.LazySimpleSerDe.initialize(LazySimpleSerDe.java:195)
	at org.apache.hadoop.hive.serde2.AbstractSerDe.initialize(AbstractSerDe.java:49)
	at org.apache.hadoop.hive.serde2.SerDeUtils.initializeSerDe(SerDeUtils.java:519)
	at org.apache.hadoop.hive.jdbc.HiveQueryResultSet.initSerde(HiveQueryResultSet.java:112)
	at org.apache.hadoop.hive.jdbc.HiveQueryResultSet.<init>(HiveQueryResultSet.java:67)
	at org.apache.hadoop.hive.jdbc.HiveStatement.executeQuery(HiveStatement.java:198)
	at org.apache.hadoop.hive.jdbc.HiveStatement.execute(HiveStatement.java:132)
	at org.apache.hadoop.hive.jdbc.HiveConnection.configureConnection(HiveConnection.java:132)
	at org.apache.hadoop.hive.jdbc.HiveConnection.<init>(HiveConnection.java:122)
	at org.apache.hadoop.hive.jdbc.HiveDriver.connect(HiveDriver.java:107)
	at java.sql.DriverManager.getConnection(Unknown Source)
	at java.sql.DriverManager.getConnection(Unknown Source)
	at test.fc.hive.HiveDb.getConn(HiveDb.java:56)
	at test.hive.TestHive.testConnection(TestHive.java:24)
	at sun.reflect.NativeMethodAccessorImpl.invoke0(Native Method)
	at sun.reflect.NativeMethodAccessorImpl.invoke(Unknown Source)
	at sun.reflect.DelegatingMethodAccessorImpl.invoke(Unknown Source)
	at java.lang.reflect.Method.invoke(Unknown Source)
	at org.junit.runners.model.FrameworkMethod$1.runReflectiveCall(FrameworkMethod.java:50)
	at org.junit.internal.runners.model.ReflectiveCallable.run(ReflectiveCallable.java:12)
	at org.junit.runners.model.FrameworkMethod.invokeExplosively(FrameworkMethod.java:47)
	at org.junit.internal.runners.statements.InvokeMethod.evaluate(InvokeMethod.java:17)
	at org.junit.runners.ParentRunner.runLeaf(ParentRunner.java:325)
	at org.junit.runners.BlockJUnit4ClassRunner.runChild(BlockJUnit4ClassRunner.java:78)
	at org.junit.runners.BlockJUnit4ClassRunner.runChild(BlockJUnit4ClassRunner.java:57)
	at org.junit.runners.ParentRunner$3.run(ParentRunner.java:290)
	at org.junit.runners.ParentRunner$1.schedule(ParentRunner.java:71)
	at org.junit.runners.ParentRunner.runChildren(ParentRunner.java:288)
	at org.junit.runners.ParentRunner.access$000(ParentRunner.java:58)
	at org.junit.runners.ParentRunner$2.evaluate(ParentRunner.java:268)
	at org.junit.runners.ParentRunner.run(ParentRunner.java:363)
	at org.eclipse.jdt.internal.junit4.runner.JUnit4TestReference.run(JUnit4TestReference.java:86)
	at org.eclipse.jdt.internal.junit.runner.TestExecution.run(TestExecution.java:38)
	at org.eclipse.jdt.internal.junit.runner.RemoteTestRunner.runTests(RemoteTestRunner.java:459)
	at org.eclipse.jdt.internal.junit.runner.RemoteTestRunner.runTests(RemoteTestRunner.java:675)
	at org.eclipse.jdt.internal.junit.runner.RemoteTestRunner.run(RemoteTestRunner.java:382)
	at org.eclipse.jdt.internal.junit.runner.RemoteTestRunner.main(RemoteTestRunner.java:192)
2016-05-18 10:58:28 ERROR org.apache.hadoop.util.Shell  - Failed to locate the winutils binary in the hadoop binary path
java.io.IOException: Could not locate executable null\bin\winutils.exe in the Hadoop binaries.
	at org.apache.hadoop.util.Shell.getQualifiedBinPath(Shell.java:278)
	at org.apache.hadoop.util.Shell.getWinUtilsPath(Shell.java:300)
	at org.apache.hadoop.util.Shell.<clinit>(Shell.java:293)
	at org.apache.hadoop.hive.conf.HiveConf$ConfVars.findHadoopBinary(HiveConf.java:2065)
	at org.apache.hadoop.hive.conf.HiveConf$ConfVars.<clinit>(HiveConf.java:332)
	at org.apache.hadoop.hive.serde2.lazy.LazySimpleSerDe.initSerdeParams(LazySimpleSerDe.java:318)
	at org.apache.hadoop.hive.serde2.lazy.LazySimpleSerDe.initialize(LazySimpleSerDe.java:195)
	at org.apache.hadoop.hive.serde2.AbstractSerDe.initialize(AbstractSerDe.java:49)
	at org.apache.hadoop.hive.serde2.SerDeUtils.initializeSerDe(SerDeUtils.java:519)
	at org.apache.hadoop.hive.jdbc.HiveQueryResultSet.initSerde(HiveQueryResultSet.java:112)
	at org.apache.hadoop.hive.jdbc.HiveQueryResultSet.<init>(HiveQueryResultSet.java:67)
	at org.apache.hadoop.hive.jdbc.HiveStatement.executeQuery(HiveStatement.java:198)
	at org.apache.hadoop.hive.jdbc.HiveStatement.execute(HiveStatement.java:132)
	at org.apache.hadoop.hive.jdbc.HiveConnection.configureConnection(HiveConnection.java:132)
	at org.apache.hadoop.hive.jdbc.HiveConnection.<init>(HiveConnection.java:122)
	at org.apache.hadoop.hive.jdbc.HiveDriver.connect(HiveDriver.java:107)
	at java.sql.DriverManager.getConnection(Unknown Source)
	at java.sql.DriverManager.getConnection(Unknown Source)
	at test.fc.hive.HiveDb.getConn(HiveDb.java:56)
	at test.hive.TestHive.testConnection(TestHive.java:24)
	at sun.reflect.NativeMethodAccessorImpl.invoke0(Native Method)
	at sun.reflect.NativeMethodAccessorImpl.invoke(Unknown Source)
	at sun.reflect.DelegatingMethodAccessorImpl.invoke(Unknown Source)
	at java.lang.reflect.Method.invoke(Unknown Source)
	at org.junit.runners.model.FrameworkMethod$1.runReflectiveCall(FrameworkMethod.java:50)
	at org.junit.internal.runners.model.ReflectiveCallable.run(ReflectiveCallable.java:12)
	at org.junit.runners.model.FrameworkMethod.invokeExplosively(FrameworkMethod.java:47)
	at org.junit.internal.runners.statements.InvokeMethod.evaluate(InvokeMethod.java:17)
	at org.junit.runners.ParentRunner.runLeaf(ParentRunner.java:325)
	at org.junit.runners.BlockJUnit4ClassRunner.runChild(BlockJUnit4ClassRunner.java:78)
	at org.junit.runners.BlockJUnit4ClassRunner.runChild(BlockJUnit4ClassRunner.java:57)
	at org.junit.runners.ParentRunner$3.run(ParentRunner.java:290)
	at org.junit.runners.ParentRunner$1.schedule(ParentRunner.java:71)
	at org.junit.runners.ParentRunner.runChildren(ParentRunner.java:288)
	at org.junit.runners.ParentRunner.access$000(ParentRunner.java:58)
	at org.junit.runners.ParentRunner$2.evaluate(ParentRunner.java:268)
	at org.junit.runners.ParentRunner.run(ParentRunner.java:363)
	at org.eclipse.jdt.internal.junit4.runner.JUnit4TestReference.run(JUnit4TestReference.java:86)
	at org.eclipse.jdt.internal.junit.runner.TestExecution.run(TestExecution.java:38)
	at org.eclipse.jdt.internal.junit.runner.RemoteTestRunner.runTests(RemoteTestRunner.java:459)
	at org.eclipse.jdt.internal.junit.runner.RemoteTestRunner.runTests(RemoteTestRunner.java:675)
	at org.eclipse.jdt.internal.junit.runner.RemoteTestRunner.run(RemoteTestRunner.java:382)
	at org.eclipse.jdt.internal.junit.runner.RemoteTestRunner.main(RemoteTestRunner.java:192)
2016-05-18 10:58:28 DEBUG org.apache.hadoop.hive.serde2.lazy.LazySimpleSerDe  - org.apache.hadoop.hive.serde2.lazy.LazySimpleSerDe initialized with: columnNames=[] columnTypes=[] separator=[[B@59303fe0] nullstring=\N lastColumnTakesRest=false
2016-05-18 10:58:28 DEBUG test.hive.TestHive  - 1
2016-05-18 10:59:17 DEBUG org.apache.hadoop.hive.jdbc.HiveQueryResultSet  - Column names: _c0
2016-05-18 10:59:17 DEBUG org.apache.hadoop.hive.jdbc.HiveQueryResultSet  - Column types: bigint
2016-05-18 10:59:17 DEBUG org.apache.hadoop.hive.serde2.lazy.LazySimpleSerDe  - org.apache.hadoop.hive.serde2.lazy.LazySimpleSerDe initialized with: columnNames=[_c0] columnTypes=[bigint] separator=[[B@11bf3b2d] nullstring=\N lastColumnTakesRest=false
2016-05-18 10:59:17 DEBUG org.apache.hadoop.hive.jdbc.HiveQueryResultSet  - Fetched row string: 26310716
2016-05-18 10:59:17 DEBUG org.apache.hadoop.hive.jdbc.HiveQueryResultSet  - Deserialized row: [26310716]
2016-05-18 10:59:17 DEBUG test.hive.TestHive  - 26310716  ~~~~~~~~~ 
2016-05-18 10:59:17 DEBUG test.hive.TestHive  - 2
2016-05-18 10:59:17 DEBUG test.hive.TestHive  - end
2016-05-18 11:00:30 DEBUG test.hive.TestHive  - start
2016-05-18 11:00:30 DEBUG org.apache.hadoop.util.Shell  - Failed to detect a valid hadoop home directory
java.io.IOException: HADOOP_HOME or hadoop.home.dir are not set.
	at org.apache.hadoop.util.Shell.checkHadoopHome(Shell.java:225)
	at org.apache.hadoop.util.Shell.<clinit>(Shell.java:250)
	at org.apache.hadoop.hive.conf.HiveConf$ConfVars.findHadoopBinary(HiveConf.java:2065)
	at org.apache.hadoop.hive.conf.HiveConf$ConfVars.<clinit>(HiveConf.java:332)
	at org.apache.hadoop.hive.serde2.lazy.LazySimpleSerDe.initSerdeParams(LazySimpleSerDe.java:318)
	at org.apache.hadoop.hive.serde2.lazy.LazySimpleSerDe.initialize(LazySimpleSerDe.java:195)
	at org.apache.hadoop.hive.serde2.AbstractSerDe.initialize(AbstractSerDe.java:49)
	at org.apache.hadoop.hive.serde2.SerDeUtils.initializeSerDe(SerDeUtils.java:519)
	at org.apache.hadoop.hive.jdbc.HiveQueryResultSet.initSerde(HiveQueryResultSet.java:112)
	at org.apache.hadoop.hive.jdbc.HiveQueryResultSet.<init>(HiveQueryResultSet.java:67)
	at org.apache.hadoop.hive.jdbc.HiveStatement.executeQuery(HiveStatement.java:198)
	at org.apache.hadoop.hive.jdbc.HiveStatement.execute(HiveStatement.java:132)
	at org.apache.hadoop.hive.jdbc.HiveConnection.configureConnection(HiveConnection.java:132)
	at org.apache.hadoop.hive.jdbc.HiveConnection.<init>(HiveConnection.java:122)
	at org.apache.hadoop.hive.jdbc.HiveDriver.connect(HiveDriver.java:107)
	at java.sql.DriverManager.getConnection(Unknown Source)
	at java.sql.DriverManager.getConnection(Unknown Source)
	at test.fc.hive.HiveDb.getConn(HiveDb.java:56)
	at test.hive.TestHive.testConnection(TestHive.java:23)
	at sun.reflect.NativeMethodAccessorImpl.invoke0(Native Method)
	at sun.reflect.NativeMethodAccessorImpl.invoke(Unknown Source)
	at sun.reflect.DelegatingMethodAccessorImpl.invoke(Unknown Source)
	at java.lang.reflect.Method.invoke(Unknown Source)
	at org.junit.runners.model.FrameworkMethod$1.runReflectiveCall(FrameworkMethod.java:50)
	at org.junit.internal.runners.model.ReflectiveCallable.run(ReflectiveCallable.java:12)
	at org.junit.runners.model.FrameworkMethod.invokeExplosively(FrameworkMethod.java:47)
	at org.junit.internal.runners.statements.InvokeMethod.evaluate(InvokeMethod.java:17)
	at org.junit.runners.ParentRunner.runLeaf(ParentRunner.java:325)
	at org.junit.runners.BlockJUnit4ClassRunner.runChild(BlockJUnit4ClassRunner.java:78)
	at org.junit.runners.BlockJUnit4ClassRunner.runChild(BlockJUnit4ClassRunner.java:57)
	at org.junit.runners.ParentRunner$3.run(ParentRunner.java:290)
	at org.junit.runners.ParentRunner$1.schedule(ParentRunner.java:71)
	at org.junit.runners.ParentRunner.runChildren(ParentRunner.java:288)
	at org.junit.runners.ParentRunner.access$000(ParentRunner.java:58)
	at org.junit.runners.ParentRunner$2.evaluate(ParentRunner.java:268)
	at org.junit.runners.ParentRunner.run(ParentRunner.java:363)
	at org.eclipse.jdt.internal.junit4.runner.JUnit4TestReference.run(JUnit4TestReference.java:86)
	at org.eclipse.jdt.internal.junit.runner.TestExecution.run(TestExecution.java:38)
	at org.eclipse.jdt.internal.junit.runner.RemoteTestRunner.runTests(RemoteTestRunner.java:459)
	at org.eclipse.jdt.internal.junit.runner.RemoteTestRunner.runTests(RemoteTestRunner.java:675)
	at org.eclipse.jdt.internal.junit.runner.RemoteTestRunner.run(RemoteTestRunner.java:382)
	at org.eclipse.jdt.internal.junit.runner.RemoteTestRunner.main(RemoteTestRunner.java:192)
2016-05-18 11:00:30 ERROR org.apache.hadoop.util.Shell  - Failed to locate the winutils binary in the hadoop binary path
java.io.IOException: Could not locate executable null\bin\winutils.exe in the Hadoop binaries.
	at org.apache.hadoop.util.Shell.getQualifiedBinPath(Shell.java:278)
	at org.apache.hadoop.util.Shell.getWinUtilsPath(Shell.java:300)
	at org.apache.hadoop.util.Shell.<clinit>(Shell.java:293)
	at org.apache.hadoop.hive.conf.HiveConf$ConfVars.findHadoopBinary(HiveConf.java:2065)
	at org.apache.hadoop.hive.conf.HiveConf$ConfVars.<clinit>(HiveConf.java:332)
	at org.apache.hadoop.hive.serde2.lazy.LazySimpleSerDe.initSerdeParams(LazySimpleSerDe.java:318)
	at org.apache.hadoop.hive.serde2.lazy.LazySimpleSerDe.initialize(LazySimpleSerDe.java:195)
	at org.apache.hadoop.hive.serde2.AbstractSerDe.initialize(AbstractSerDe.java:49)
	at org.apache.hadoop.hive.serde2.SerDeUtils.initializeSerDe(SerDeUtils.java:519)
	at org.apache.hadoop.hive.jdbc.HiveQueryResultSet.initSerde(HiveQueryResultSet.java:112)
	at org.apache.hadoop.hive.jdbc.HiveQueryResultSet.<init>(HiveQueryResultSet.java:67)
	at org.apache.hadoop.hive.jdbc.HiveStatement.executeQuery(HiveStatement.java:198)
	at org.apache.hadoop.hive.jdbc.HiveStatement.execute(HiveStatement.java:132)
	at org.apache.hadoop.hive.jdbc.HiveConnection.configureConnection(HiveConnection.java:132)
	at org.apache.hadoop.hive.jdbc.HiveConnection.<init>(HiveConnection.java:122)
	at org.apache.hadoop.hive.jdbc.HiveDriver.connect(HiveDriver.java:107)
	at java.sql.DriverManager.getConnection(Unknown Source)
	at java.sql.DriverManager.getConnection(Unknown Source)
	at test.fc.hive.HiveDb.getConn(HiveDb.java:56)
	at test.hive.TestHive.testConnection(TestHive.java:23)
	at sun.reflect.NativeMethodAccessorImpl.invoke0(Native Method)
	at sun.reflect.NativeMethodAccessorImpl.invoke(Unknown Source)
	at sun.reflect.DelegatingMethodAccessorImpl.invoke(Unknown Source)
	at java.lang.reflect.Method.invoke(Unknown Source)
	at org.junit.runners.model.FrameworkMethod$1.runReflectiveCall(FrameworkMethod.java:50)
	at org.junit.internal.runners.model.ReflectiveCallable.run(ReflectiveCallable.java:12)
	at org.junit.runners.model.FrameworkMethod.invokeExplosively(FrameworkMethod.java:47)
	at org.junit.internal.runners.statements.InvokeMethod.evaluate(InvokeMethod.java:17)
	at org.junit.runners.ParentRunner.runLeaf(ParentRunner.java:325)
	at org.junit.runners.BlockJUnit4ClassRunner.runChild(BlockJUnit4ClassRunner.java:78)
	at org.junit.runners.BlockJUnit4ClassRunner.runChild(BlockJUnit4ClassRunner.java:57)
	at org.junit.runners.ParentRunner$3.run(ParentRunner.java:290)
	at org.junit.runners.ParentRunner$1.schedule(ParentRunner.java:71)
	at org.junit.runners.ParentRunner.runChildren(ParentRunner.java:288)
	at org.junit.runners.ParentRunner.access$000(ParentRunner.java:58)
	at org.junit.runners.ParentRunner$2.evaluate(ParentRunner.java:268)
	at org.junit.runners.ParentRunner.run(ParentRunner.java:363)
	at org.eclipse.jdt.internal.junit4.runner.JUnit4TestReference.run(JUnit4TestReference.java:86)
	at org.eclipse.jdt.internal.junit.runner.TestExecution.run(TestExecution.java:38)
	at org.eclipse.jdt.internal.junit.runner.RemoteTestRunner.runTests(RemoteTestRunner.java:459)
	at org.eclipse.jdt.internal.junit.runner.RemoteTestRunner.runTests(RemoteTestRunner.java:675)
	at org.eclipse.jdt.internal.junit.runner.RemoteTestRunner.run(RemoteTestRunner.java:382)
	at org.eclipse.jdt.internal.junit.runner.RemoteTestRunner.main(RemoteTestRunner.java:192)
2016-05-18 11:00:30 DEBUG org.apache.hadoop.hive.serde2.lazy.LazySimpleSerDe  - org.apache.hadoop.hive.serde2.lazy.LazySimpleSerDe initialized with: columnNames=[] columnTypes=[] separator=[[B@f9a4520] nullstring=\N lastColumnTakesRest=false
2016-05-18 11:00:30 DEBUG test.hive.TestHive  - 1
2016-05-18 11:02:02 DEBUG org.apache.hadoop.hive.jdbc.HiveQueryResultSet  - Column names: _c0
2016-05-18 11:02:02 DEBUG org.apache.hadoop.hive.jdbc.HiveQueryResultSet  - Column types: bigint
2016-05-18 11:02:02 DEBUG org.apache.hadoop.hive.serde2.lazy.LazySimpleSerDe  - org.apache.hadoop.hive.serde2.lazy.LazySimpleSerDe initialized with: columnNames=[_c0] columnTypes=[bigint] separator=[[B@29e3db80] nullstring=\N lastColumnTakesRest=false
2016-05-18 11:02:02 DEBUG org.apache.hadoop.hive.jdbc.HiveQueryResultSet  - Fetched row string: 26310716
2016-05-18 11:02:02 DEBUG org.apache.hadoop.hive.jdbc.HiveQueryResultSet  - Deserialized row: [26310716]
2016-05-18 11:02:02 DEBUG test.hive.TestHive  - 26310716  ~~~~~~~~~ 
2016-05-18 11:02:02 DEBUG test.hive.TestHive  - 2
2016-05-18 11:02:02 DEBUG test.hive.TestHive  - end
